<?xml version="1.0" encoding="UTF-8"?>
<!-- Generated by org.testng.reporters.JUnitReportReporter -->
<testsuite hostname="ETAuto-SM-385" failures="0" tests="1" name="Ui_Runner.UiTestRunner" time="30.201" errors="0" timestamp="2024-01-24T10:57:52 IST" skipped="0">
  <testcase classname="Ui_Runner.UiTestRunner" name="runScenario" time="30.201"/>
  <system-out/>
</testsuite> <!-- Ui_Runner.UiTestRunner -->
