<?xml version="1.0" encoding="UTF-8"?>
<!-- Generated by org.testng.reporters.JUnitReportReporter -->
<testsuite hostname="ETAuto-SM-385" failures="0" tests="1" name="Runner.TestRunner" time="15.942" errors="0" timestamp="2024-01-25T16:10:44 IST" skipped="0">
  <testcase classname="Runner.TestRunner" name="runScenario" time="15.942"/>
</testsuite> <!-- Runner.TestRunner -->
