<?xml version="1.0" encoding="UTF-8"?>
<!-- Generated by org.testng.reporters.JUnitReportReporter -->
<testsuite hostname="ETAuto-SM-385" failures="0" tests="1" name="Runner.TestRunner" time="21.826" errors="0" timestamp="2024-01-24T11:44:14 IST" skipped="0">
  <testcase classname="Runner.TestRunner" name="runScenario" time="21.826"/>
  <system-out/>
</testsuite> <!-- Runner.TestRunner -->
